<?xml version="1.0" encoding="UTF-8"?>
<testsuite xmlns:xsi="http://www.w3.org/2001/XMLSchema-instance" xsi:noNamespaceSchemaLocation="https://maven.apache.org/surefire/maven-surefire-plugin/xsd/surefire-test-report.xsd" name="util.ApplicationTest" time="0.171" tests="5" errors="0" skipped="0" failures="0">
  <properties>
[...]
</properties>
  <testcase name="testPrimo" classname="util.ApplicationTest" time="0.099"/>
  <testcase name="testFactorial" classname="util.ApplicationTest" time="0.001"/>
  <testcase name="testFactorialExceptionLambda" classname="util.ApplicationTest" time="0.005"/>
  <testcase name="testGradosARadianes" classname="util.ApplicationTest" time="0.004"/>
  <testcase name="testPrimo2" classname="util.ApplicationTest" time="0.036"/>
</testsuite>